<?xml version="1.0" encoding="UTF-8"?>
<testng-results total="1" passed="1" failed="0" skipped="0">
  <reporter-output>
  </reporter-output>
  <suite started-at="2019-03-13T07:48:23Z" name="Default suite" finished-at="2019-03-13T07:48:48Z" duration-ms="24863">
    <groups>
      <group name="cucumber">
        <method signature="TestRunner.feature(cucumber.api.testng.CucumberFeatureWrapper)[pri:0, instance:com.cucumberFramework.testRunner.TestRunner@5fbe4146]" name="feature" class="com.cucumberFramework.testRunner.TestRunner"/>
      </group> <!-- cucumber -->
    </groups>
    <test started-at="2019-03-13T07:48:23Z" name="Default test" finished-at="2019-03-13T07:48:48Z" duration-ms="24863">
      <class name="com.cucumberFramework.testRunner.TestRunner">
        <test-method is-config="true" signature="setUpClass()[pri:0, instance:com.cucumberFramework.testRunner.TestRunner@5fbe4146]" started-at="2019-03-13T13:18:23Z" name="setUpClass" finished-at="2019-03-13T13:18:24Z" duration-ms="380" status="PASS">
          <reporter-output>
          </reporter-output>
        </test-method> <!-- setUpClass -->
        <test-method signature="feature(cucumber.api.testng.CucumberFeatureWrapper)[pri:0, instance:com.cucumberFramework.testRunner.TestRunner@5fbe4146]" started-at="2019-03-13T13:18:24Z" name="feature" description="Runs cucmber Features" data-provider="features" finished-at="2019-03-13T13:18:48Z" duration-ms="24210" status="PASS">
          <params>
            <param index="0">
              <value>
                <![CDATA[Sign In]]>
              </value>
            </param>
          </params>
          <reporter-output>
          </reporter-output>
        </test-method> <!-- feature -->
        <test-method is-config="true" signature="testDownClass()[pri:0, instance:com.cucumberFramework.testRunner.TestRunner@5fbe4146]" started-at="2019-03-13T13:18:48Z" name="testDownClass" finished-at="2019-03-13T13:18:48Z" duration-ms="55" status="PASS">
          <reporter-output>
          </reporter-output>
        </test-method> <!-- testDownClass -->
      </class> <!-- com.cucumberFramework.testRunner.TestRunner -->
    </test> <!-- Default test -->
  </suite> <!-- Default suite -->
</testng-results>
